<?xml version="1.0" encoding="UTF-8"?>
<!-- Generated by org.testng.reporters.JUnitXMLReporter -->
<testsuite hostname="ARAJPUT-QA" name="Test" tests="5" failures="0" timestamp="23 Sep 2016 06:26:06 GMT" time="0.024" errors="0">
  <testcase name="sm" time="0.007" classname="test.A"/>
  <testcase name="sm2" time="0.001" classname="test.A"/>
  <testcase name="sm" time="0.001" classname="test.B"/>
  <testcase name="sm" time="0.002" classname="test.C"/>
  <testcase name="sm" time="0.0" classname="test.D"/>
</testsuite> <!-- Test -->
