<?xml version="1.0" encoding="UTF-8"?>
<testng-results skipped="0" failed="0" total="1" passed="1">
  <reporter-output>
  </reporter-output>
  <suite name="Default suite" duration-ms="35973" started-at="2016-10-04T13:50:26Z" finished-at="2016-10-04T13:51:02Z">
    <groups>
      <group name="Regreesion">
        <method signature="NewTest.A1()[pri:0, instance:test.NewTest@4678c730]" name="A1" class="test.NewTest"/>
      </group> <!-- Regreesion -->
      <group name="Smoke">
        <method signature="NewTest.A1()[pri:0, instance:test.NewTest@4678c730]" name="A1" class="test.NewTest"/>
      </group> <!-- Smoke -->
    </groups>
    <test name="Default test" duration-ms="35973" started-at="2016-10-04T13:50:26Z" finished-at="2016-10-04T13:51:02Z">
      <class name="test.NewTest">
        <test-method status="PASS" signature="A1()[pri:0, instance:test.NewTest@4678c730]" name="A1" duration-ms="35961" started-at="2016-10-04T19:20:26Z" finished-at="2016-10-04T19:21:02Z">
          <reporter-output>
          </reporter-output>
        </test-method> <!-- A1 -->
      </class> <!-- test.NewTest -->
    </test> <!-- Default test -->
  </suite> <!-- Default suite -->
</testng-results>
